2024-09-18 15:49:29,225 - Failed to add new contact: Invalid email address
2024-09-18 16:22:18,038 - Listing all contacts.
2024-09-18 16:24:48,667 - Search results for contacts created or updated between 2021-01-01 00:00:00 and 2021-01-31 00:00:00: []
2024-09-18 16:27:45,971 - Search results for contacts created or updated between 2021-01-01 00:00:00 and 2021-01-31 00:00:00: []
2024-09-18 16:27:45,972 - Search results for contacts created or updated between 2024-01-01 00:00:00 and 2024-12-31 00:00:00: [<contact.Contact object at 0x0000019849153DA0>, <contact.Contact object at 0x0000019849153F80>, <contact.Contact object at 0x0000019849153E00>, <contact.Contact object at 0x00000198491840B0>]
2024-09-18 17:04:00,736 - Search results for contacts created or updated between 2020-01-01 00:00:00 and 2024-12-31 00:00:00: [<contact.Contact object at 0x00000234A4F35E80>, <contact.Contact object at 0x00000234A4F36060>, <contact.Contact object at 0x00000234A4F35EE0>, <contact.Contact object at 0x00000234A4F36150>]
2024-09-18 18:39:53,240 - Listing all contacts.
2024-09-18 18:39:59,219 - Listing all contacts.
2024-09-18 18:40:33,248 - Listing all contacts.
2024-09-18 18:41:37,143 - Contacts sorted by first_name in ascending order.
2024-09-18 18:44:41,591 - Listing all contacts.
2024-09-18 18:45:41,087 - Listing all contacts.
2024-09-18 18:46:06,409 - Contacts sorted by first_name in ascending order.
2024-09-18 18:46:22,345 - Contacts sorted by first_name in descending order.
2024-09-18 18:46:40,264 - Contacts sorted by last_name in descending order.
2024-09-18 18:46:50,569 - Contacts sorted by created_at in ascending order.
2024-09-19 09:50:38,067 - Contacts grouped by initial letter of first_name: {'J': [<contact.Contact object at 0x000001CE21833D10>, <contact.Contact object at 0x000001CE21833EF0>], 'L': [<contact.Contact object at 0x000001CE21833D70>], 'E': [<contact.Contact object at 0x000001CE21833FE0>]}
2024-09-19 09:51:15,101 - Contacts grouped by initial letter of first_name: {'J': [<contact.Contact object at 0x0000026F20127B90>, <contact.Contact object at 0x0000026F20127D70>], 'L': [<contact.Contact object at 0x0000026F20127BF0>], 'E': [<contact.Contact object at 0x0000026F20127E60>]}
2024-09-19 09:51:35,220 - Contacts grouped by initial letter of first_name: {'J': [<contact.Contact object at 0x000001777F667C80>, <contact.Contact object at 0x000001777F667E60>], 'L': [<contact.Contact object at 0x000001777F667CE0>], 'E': [<contact.Contact object at 0x000001777F667F50>]}
2024-09-19 09:52:08,890 - Contacts grouped by initial letter of first_name: {'J': [<contact.Contact object at 0x0000021E84497D40>, <contact.Contact object at 0x0000021E84497EF0>], 'L': [<contact.Contact object at 0x0000021E84497DA0>], 'E': [<contact.Contact object at 0x0000021E84497FE0>]}
2024-09-19 09:53:14,456 - Contacts grouped by initial letter of first_name: {'J': [<contact.Contact object at 0x0000017269F6BD70>, <contact.Contact object at 0x0000017269F6BF50>], 'L': [<contact.Contact object at 0x0000017269F6BDD0>], 'E': [<contact.Contact object at 0x0000017269FA4080>]}
2024-09-19 09:53:14,456 - Contacts grouped by initial letter of last_name: {'S': [<contact.Contact object at 0x0000017269F6BD70>, <contact.Contact object at 0x0000017269F6BDD0>], 'D': [<contact.Contact object at 0x0000017269F6BF50>], 'Y': [<contact.Contact object at 0x0000017269FA4080>]}
2024-09-19 09:53:28,961 - Contacts grouped by initial letter of first_name: {'J': [<contact.Contact object at 0x000002A46720BD40>, <contact.Contact object at 0x000002A46720BF20>], 'L': [<contact.Contact object at 0x000002A46720BDA0>], 'E': [<contact.Contact object at 0x000002A467244050>]}
2024-09-19 09:53:28,961 - Contacts grouped by initial letter of last_name: {'S': [<contact.Contact object at 0x000002A46720BD40>, <contact.Contact object at 0x000002A46720BDA0>], 'D': [<contact.Contact object at 0x000002A46720BF20>], 'Y': [<contact.Contact object at 0x000002A467244050>]}
2024-09-19 09:53:44,864 - Contacts grouped by initial letter of first_name: {'J': [<contact.Contact object at 0x000001EBDB8CBCE0>, <contact.Contact object at 0x000001EBDB8CBEC0>], 'L': [<contact.Contact object at 0x000001EBDB8CBD40>], 'E': [<contact.Contact object at 0x000001EBDB8CBFB0>]}
2024-09-19 09:53:44,864 - Contacts grouped by initial letter of last_name: {'S': [<contact.Contact object at 0x000001EBDB8CBCE0>, <contact.Contact object at 0x000001EBDB8CBD40>], 'D': [<contact.Contact object at 0x000001EBDB8CBEC0>], 'Y': [<contact.Contact object at 0x000001EBDB8CBFB0>]}
2024-09-19 10:22:30,293 - Contacts grouped by initial letter of first_name: {'J': [<contact.Contact object at 0x0000024B88D64DA0>, <contact.Contact object at 0x0000024B88D64E90>], 'L': [<contact.Contact object at 0x0000024B88D64FB0>], 'E': [<contact.Contact object at 0x0000024B88D65040>]}
2024-09-19 10:22:45,869 - Contacts grouped by initial letter of last_name: {'S': [<contact.Contact object at 0x0000024B88D64DA0>, <contact.Contact object at 0x0000024B88D64FB0>], 'D': [<contact.Contact object at 0x0000024B88D64E90>], 'Y': [<contact.Contact object at 0x0000024B88D65040>]}
2024-09-19 10:24:15,136 - Contacts grouped by initial letter of first_name: {'E': [<contact.Contact object at 0x000002349D915100>], 'J': [<contact.Contact object at 0x000002349D914E60>, <contact.Contact object at 0x000002349D914F50>], 'L': [<contact.Contact object at 0x000002349D915070>]}
2024-09-19 10:25:11,583 - Contacts grouped by initial letter of first_name: {'E': [<contact.Contact object at 0x000002930C825220>], 'J': [<contact.Contact object at 0x000002930C824F50>, <contact.Contact object at 0x000002930C825130>], 'L': [<contact.Contact object at 0x000002930C824FB0>]}
2024-09-19 10:25:23,011 - Contacts grouped by initial letter of last_name: {'D': [<contact.Contact object at 0x000002930C825130>], 'S': [<contact.Contact object at 0x000002930C824F50>, <contact.Contact object at 0x000002930C824FB0>], 'Y': [<contact.Contact object at 0x000002930C825220>]}
2024-09-19 10:30:52,619 - Contacts grouped by area code: {'123': [<contact.Contact object at 0x0000027E5F7712B0>], '343': [<contact.Contact object at 0x0000027E5F771310>], '555': [<contact.Contact object at 0x0000027E5F771580>], '999': [<contact.Contact object at 0x0000027E5F771490>]}
2024-09-19 10:35:06,390 - Contacts exported to export.csv
2024-09-19 10:35:32,553 - Contacts exported to export.csv
2024-09-19 11:28:45,380 - Listing all contacts.
